[10/3/2025, 11:32:00 am] Connected to SQL Database
[10/3/2025, 11:32:22 am] Connected to Oracle Database
[10/3/2025, 11:32:37 am] Connected to Oracle Database
[10/3/2025, 11:32:43 am] Connected to Oracle Database
[10/3/2025, 11:32:47 am] Connected to Oracle Database
[10/3/2025, 11:57:34 am] Connected to SQL Database
[10/3/2025, 11:57:35 am] Connected to Oracle Database
[10/3/2025, 11:57:35 am] Error in sending OTP: , otpCount is not defined
[10/3/2025, 11:58:09 am] Connected to SQL Database
[10/3/2025, 11:58:09 am] Connected to Oracle Database
[10/3/2025, 11:58:28 am] Connected to SQL Database
[10/3/2025, 11:58:28 am] Connected to Oracle Database
[10/3/2025, 11:58:30 am] Connected to Oracle Database
[10/3/2025, 11:58:31 am] Connected to Oracle Database
[10/3/2025, 12:03:00 pm] Connected to SQL Database
[10/3/2025, 12:03:00 pm] Connected to Oracle Database
[10/3/2025, 12:03:03 pm] Connected to Oracle Database
[10/3/2025, 12:03:04 pm] Connected to Oracle Database
[10/3/2025, 12:04:06 pm] Connected to SQL Database
[10/3/2025, 12:04:06 pm] Connected to Oracle Database
[10/3/2025, 12:04:07 pm] Connected to Oracle Database
[10/3/2025, 12:04:08 pm] Connected to Oracle Database
[10/3/2025, 12:23:31 pm] Connected to Oracle Database
[10/3/2025, 12:26:45 pm] Connected to Oracle Database
[10/3/2025, 12:27:05 pm] Connected to Oracle Database
[10/3/2025, 1:27:05 pm] Connected to SQL Database
[10/3/2025, 1:27:05 pm] Connected to SQL Database
[10/3/2025, 1:27:05 pm] Connected to SQL Database
[10/3/2025, 1:28:21 pm] Connected to SQL Database
[10/3/2025, 1:28:21 pm] Connected to SQL Database
[10/3/2025, 1:28:21 pm] Connected to SQL Database
[10/3/2025, 1:46:58 pm] Connected to SQL Database
[10/3/2025, 1:46:58 pm] Connected to SQL Database
[10/3/2025, 1:48:34 pm] Connected to Oracle Database
[10/3/2025, 1:48:54 pm] Connected to Oracle Database
[10/3/2025, 1:53:08 pm] Error in adding incharge. Error: Violation of PRIMARY KEY constraint 'PK_Employees'. Cannot insert duplicate key in object 'dbo.INCHARGES_MST'. The duplicate key value is (41019803).
[10/3/2025, 1:59:10 pm] Connected to Oracle Database
[10/3/2025, 1:59:27 pm] Connected to Oracle Database
[10/3/2025, 2:04:32 pm] Connected to Oracle Database
[10/3/2025, 2:04:50 pm] Connected to Oracle Database
[10/3/2025, 2:06:57 pm] Connected to SQL Database
[10/3/2025, 2:14:30 pm] Connected to SQL Database
[10/3/2025, 2:15:13 pm] Connected to SQL Database
[10/3/2025, 2:15:13 pm] Connected to SQL Database
[10/3/2025, 2:17:00 pm] Connected to SQL Database
[10/3/2025, 2:17:00 pm] Connected to SQL Database
[10/3/2025, 2:23:16 pm] Connected to SQL Database
[10/3/2025, 2:31:02 pm] Connected to SQL Database
[10/3/2025, 2:31:02 pm] Connected to SQL Database
[10/3/2025, 2:37:03 pm] Connected to SQL Database
[10/3/2025, 3:05:20 pm] Connected to SQL Database
[10/3/2025, 3:05:59 pm] Connected to SQL Database
[10/3/2025, 3:07:22 pm] Connected to SQL Database
[10/3/2025, 3:07:22 pm] Connected to SQL Database
[10/3/2025, 3:07:26 pm] Failed to update checkpoint. Response: {"id":"14","name":"Fire alarm system  functioning properly (only if already installed in office)","type":"T3","fwdrole":"R4"}
[10/3/2025, 3:08:04 pm] Failed to update checkpoint. Response: {"id":"14","name":"Fire alarm system  functioning properly (only if already installed in office)","type":"T3","fwdrole":"R3"}
